mode: atomic
github.com/awesoma/gateway/cmd/gateway/main.go:28.13,31.16 2 0
github.com/awesoma/gateway/cmd/gateway/main.go:31.16,33.3 1 0
github.com/awesoma/gateway/cmd/gateway/main.go:36.2,47.16 4 0
github.com/awesoma/gateway/cmd/gateway/main.go:47.16,49.3 1 0
github.com/awesoma/gateway/cmd/gateway/main.go:50.2,53.50 2 0
github.com/awesoma/gateway/cmd/gateway/main.go:53.50,55.3 1 0
github.com/awesoma/gateway/cmd/gateway/main.go:56.2,66.16 3 0
github.com/awesoma/gateway/cmd/gateway/main.go:66.16,68.3 1 0
github.com/awesoma/gateway/cmd/gateway/main.go:69.2,120.40 20 0
github.com/awesoma/gateway/cmd/gateway/main.go:120.40,124.3 3 0
github.com/awesoma/gateway/cmd/gateway/main.go:127.2,130.36 2 0
github.com/awesoma/gateway/cmd/gateway/main.go:130.36,132.63 1 0
github.com/awesoma/gateway/cmd/gateway/main.go:132.63,138.4 1 0
github.com/awesoma/gateway/cmd/gateway/main.go:141.3,141.30 1 0
github.com/awesoma/gateway/cmd/gateway/main.go:141.30,145.40 2 0
github.com/awesoma/gateway/cmd/gateway/main.go:145.40,149.45 3 0
github.com/awesoma/gateway/cmd/gateway/main.go:149.45,163.43 6 0
github.com/awesoma/gateway/cmd/gateway/main.go:163.43,165.7 1 0
github.com/awesoma/gateway/cmd/gateway/main.go:170.4,170.31 1 0
github.com/awesoma/gateway/cmd/gateway/main.go:170.31,174.5 2 0
github.com/awesoma/gateway/cmd/gateway/main.go:179.2,196.12 5 0
github.com/awesoma/gateway/cmd/gateway/main.go:196.12,198.80 2 0
github.com/awesoma/gateway/cmd/gateway/main.go:198.80,200.4 1 0
github.com/awesoma/gateway/cmd/gateway/main.go:203.2,203.12 1 0
github.com/awesoma/gateway/cmd/gateway/main.go:203.12,205.87 2 0
github.com/awesoma/gateway/cmd/gateway/main.go:205.87,207.4 1 0
github.com/awesoma/gateway/cmd/gateway/main.go:210.2,223.53 8 0
github.com/awesoma/gateway/cmd/gateway/main.go:223.53,225.3 1 0
github.com/awesoma/gateway/cmd/gateway/main.go:227.2,227.60 1 0
github.com/awesoma/gateway/cmd/gateway/main.go:227.60,229.3 1 0
github.com/awesoma/gateway/cmd/gateway/main.go:231.2,231.32 1 0
github.com/awesoma/gateway/cmd/gateway/main.go:240.81,242.2 1 0
github.com/awesoma/gateway/cmd/gateway/main.go:244.90,246.2 1 0
github.com/awesoma/gateway/cmd/gateway/main.go:248.125,250.2 1 0
github.com/awesoma/gateway/cmd/gateway/main.go:252.119,254.2 1 0
github.com/awesoma/gateway/cmd/gateway/main.go:260.79,262.2 1 0
github.com/awesoma/gateway/cmd/gateway/main.go:264.96,266.16 2 0
github.com/awesoma/gateway/cmd/gateway/main.go:266.16,268.3 1 0
github.com/awesoma/gateway/cmd/gateway/main.go:269.2,280.8 1 0
github.com/awesoma/gateway/cmd/gateway/main.go:283.75,285.2 1 0
github.com/awesoma/gateway/cmd/gateway/main.go:287.117,289.2 1 0
github.com/awesoma/gateway/internal/config/config.go:68.45,70.16 2 0
github.com/awesoma/gateway/internal/config/config.go:70.16,72.3 1 0
github.com/awesoma/gateway/internal/config/config.go:74.2,75.51 2 0
github.com/awesoma/gateway/internal/config/config.go:75.51,77.3 1 0
github.com/awesoma/gateway/internal/config/config.go:80.2,82.18 2 0
github.com/awesoma/gateway/internal/config/config.go:86.37,87.49 1 0
github.com/awesoma/gateway/internal/config/config.go:87.49,89.3 1 0
github.com/awesoma/gateway/internal/config/config.go:90.2,90.43 1 0
github.com/awesoma/gateway/internal/config/config.go:90.43,92.3 1 0
github.com/awesoma/gateway/internal/config/config.go:93.2,93.48 1 0
github.com/awesoma/gateway/internal/config/config.go:93.48,94.49 1 0
github.com/awesoma/gateway/internal/config/config.go:94.49,96.4 1 0
github.com/awesoma/gateway/internal/config/config.go:98.2,98.50 1 0
github.com/awesoma/gateway/internal/config/config.go:98.50,100.3 1 0
github.com/awesoma/gateway/internal/repository/keydb.go:20.113,29.47 2 0
github.com/awesoma/gateway/internal/repository/keydb.go:29.47,31.3 1 0
github.com/awesoma/gateway/internal/repository/keydb.go:33.2,33.46 1 0
github.com/awesoma/gateway/internal/repository/keydb.go:37.41,39.2 1 0
github.com/awesoma/gateway/internal/repository/keydb.go:56.82,69.28 3 0
github.com/awesoma/gateway/internal/repository/keydb.go:69.28,71.3 1 0
github.com/awesoma/gateway/internal/repository/keydb.go:74.2,81.16 4 0
github.com/awesoma/gateway/internal/repository/keydb.go:81.16,83.3 1 0
github.com/awesoma/gateway/internal/repository/keydb.go:85.2,85.12 1 0
github.com/awesoma/gateway/internal/repository/keydb.go:89.91,92.16 3 0
github.com/awesoma/gateway/internal/repository/keydb.go:92.16,94.3 1 0
github.com/awesoma/gateway/internal/repository/keydb.go:96.2,96.22 1 0
github.com/awesoma/gateway/internal/repository/keydb.go:96.22,98.3 1 0
github.com/awesoma/gateway/internal/repository/keydb.go:100.2,108.44 9 0
github.com/awesoma/gateway/internal/repository/keydb.go:108.44,110.3 1 0
github.com/awesoma/gateway/internal/repository/keydb.go:111.2,114.22 3 0
github.com/awesoma/gateway/internal/repository/keydb.go:118.106,121.2 2 0
github.com/awesoma/gateway/internal/repository/keydb.go:124.102,128.16 3 0
github.com/awesoma/gateway/internal/repository/keydb.go:128.16,130.3 1 0
github.com/awesoma/gateway/internal/repository/keydb.go:132.2,132.51 1 0
github.com/awesoma/gateway/internal/repository/keydb.go:136.92,139.2 2 0
github.com/awesoma/gateway/internal/repository/keydb.go:142.81,144.2 1 0
github.com/awesoma/gateway/internal/repository/keydb.go:147.92,157.30 3 0
github.com/awesoma/gateway/internal/repository/keydb.go:157.30,159.3 1 0
github.com/awesoma/gateway/internal/repository/keydb.go:162.2,167.12 5 0
github.com/awesoma/gateway/internal/repository/keydb.go:171.99,174.16 3 0
github.com/awesoma/gateway/internal/repository/keydb.go:174.16,176.3 1 0
github.com/awesoma/gateway/internal/repository/keydb.go:178.2,178.22 1 0
github.com/awesoma/gateway/internal/repository/keydb.go:178.22,180.3 1 0
github.com/awesoma/gateway/internal/repository/keydb.go:182.2,187.53 5 0
github.com/awesoma/gateway/internal/repository/keydb.go:187.53,189.3 1 0
github.com/awesoma/gateway/internal/repository/keydb.go:191.2,191.59 1 0
github.com/awesoma/gateway/internal/repository/keydb.go:191.59,193.3 1 0
github.com/awesoma/gateway/internal/repository/keydb.go:195.2,195.21 1 0
github.com/awesoma/gateway/internal/repository/keydb.go:199.91,201.16 2 0
github.com/awesoma/gateway/internal/repository/keydb.go:201.16,203.3 1 0
github.com/awesoma/gateway/internal/repository/keydb.go:205.2,206.27 2 0
github.com/awesoma/gateway/internal/repository/keydb.go:206.27,208.17 2 0
github.com/awesoma/gateway/internal/repository/keydb.go:208.17,209.12 1 0
github.com/awesoma/gateway/internal/repository/keydb.go:212.3,212.23 1 0
github.com/awesoma/gateway/internal/repository/keydb.go:212.23,213.12 1 0
github.com/awesoma/gateway/internal/repository/keydb.go:216.3,221.54 5 0
github.com/awesoma/gateway/internal/repository/keydb.go:221.54,223.4 1 0
github.com/awesoma/gateway/internal/repository/keydb.go:225.3,225.60 1 0
github.com/awesoma/gateway/internal/repository/keydb.go:225.60,227.4 1 0
github.com/awesoma/gateway/internal/repository/keydb.go:229.3,229.37 1 0
github.com/awesoma/gateway/internal/repository/keydb.go:232.2,232.21 1 0
github.com/awesoma/gateway/internal/repository/keydb.go:236.120,243.16 3 0
github.com/awesoma/gateway/internal/repository/keydb.go:243.16,245.3 1 0
github.com/awesoma/gateway/internal/repository/keydb.go:247.2,247.51 1 0
github.com/awesoma/gateway/internal/repository/keydb.go:251.78,254.94 2 0
github.com/awesoma/gateway/internal/repository/keydb.go:254.94,256.3 1 0
github.com/awesoma/gateway/internal/repository/keydb.go:259.2,259.78 1 0
github.com/awesoma/gateway/internal/repository/keydb.go:259.78,261.3 1 0
github.com/awesoma/gateway/internal/repository/keydb.go:264.2,274.42 2 0
github.com/awesoma/gateway/internal/repository/keydb.go:278.55,280.2 1 0
github.com/awesoma/gateway/internal/repository/keydb.go:282.61,284.2 1 0
github.com/awesoma/gateway/internal/repository/keydb.go:286.61,288.2 1 0
github.com/awesoma/gateway/internal/repository/postgres.go:20.153,22.16 2 0
github.com/awesoma/gateway/internal/repository/postgres.go:22.16,24.3 1 0
github.com/awesoma/gateway/internal/repository/postgres.go:26.2,31.16 5 0
github.com/awesoma/gateway/internal/repository/postgres.go:31.16,33.3 1 0
github.com/awesoma/gateway/internal/repository/postgres.go:36.2,36.39 1 0
github.com/awesoma/gateway/internal/repository/postgres.go:36.39,38.3 1 0
github.com/awesoma/gateway/internal/repository/postgres.go:40.2,40.45 1 0
github.com/awesoma/gateway/internal/repository/postgres.go:44.38,46.2 1 0
github.com/awesoma/gateway/internal/repository/postgres.go:49.84,67.16 3 0
github.com/awesoma/gateway/internal/repository/postgres.go:67.16,69.3 1 0
github.com/awesoma/gateway/internal/repository/postgres.go:71.2,71.12 1 0
github.com/awesoma/gateway/internal/repository/postgres.go:75.93,107.16 5 0
github.com/awesoma/gateway/internal/repository/postgres.go:107.16,108.27 1 0
github.com/awesoma/gateway/internal/repository/postgres.go:108.27,110.4 1 0
github.com/awesoma/gateway/internal/repository/postgres.go:111.3,111.55 1 0
github.com/awesoma/gateway/internal/repository/postgres.go:114.2,114.18 1 0
github.com/awesoma/gateway/internal/repository/postgres.go:118.128,126.133 3 0
github.com/awesoma/gateway/internal/repository/postgres.go:126.133,129.3 2 0
github.com/awesoma/gateway/internal/repository/postgres.go:131.2,132.16 2 0
github.com/awesoma/gateway/internal/repository/postgres.go:132.16,134.3 1 0
github.com/awesoma/gateway/internal/repository/postgres.go:136.2,136.12 1 0
github.com/awesoma/gateway/internal/repository/postgres.go:140.122,153.16 3 0
github.com/awesoma/gateway/internal/repository/postgres.go:153.16,155.3 1 0
github.com/awesoma/gateway/internal/repository/postgres.go:156.2,159.18 3 0
github.com/awesoma/gateway/internal/repository/postgres.go:159.18,178.17 3 0
github.com/awesoma/gateway/internal/repository/postgres.go:178.17,180.4 1 0
github.com/awesoma/gateway/internal/repository/postgres.go:181.3,181.28 1 0
github.com/awesoma/gateway/internal/repository/postgres.go:184.2,184.18 1 0
github.com/awesoma/gateway/internal/repository/postgres.go:188.128,195.16 3 0
github.com/awesoma/gateway/internal/repository/postgres.go:195.16,197.3 1 0
github.com/awesoma/gateway/internal/repository/postgres.go:199.2,199.12 1 0
github.com/awesoma/gateway/internal/repository/postgres.go:203.122,211.16 3 0
github.com/awesoma/gateway/internal/repository/postgres.go:211.16,213.3 1 0
github.com/awesoma/gateway/internal/repository/postgres.go:215.2,215.12 1 0
github.com/awesoma/gateway/internal/repository/postgres.go:219.71,256.39 2 0
github.com/awesoma/gateway/internal/repository/postgres.go:256.39,258.17 2 0
github.com/awesoma/gateway/internal/repository/postgres.go:258.17,260.4 1 0
github.com/awesoma/gateway/internal/repository/postgres.go:263.2,263.12 1 0
github.com/awesoma/gateway/internal/middleware/auth.go:17.64,21.2 1 0
github.com/awesoma/gateway/internal/middleware/auth.go:24.72,25.71 1 0
github.com/awesoma/gateway/internal/middleware/auth.go:25.71,29.19 2 0
github.com/awesoma/gateway/internal/middleware/auth.go:29.19,31.48 2 0
github.com/awesoma/gateway/internal/middleware/auth.go:31.48,33.5 1 0
github.com/awesoma/gateway/internal/middleware/auth.go:36.3,36.19 1 0
github.com/awesoma/gateway/internal/middleware/auth.go:36.19,39.4 2 0
github.com/awesoma/gateway/internal/middleware/auth.go:42.3,42.31 1 0
github.com/awesoma/gateway/internal/middleware/auth.go:42.31,45.4 2 0
github.com/awesoma/gateway/internal/middleware/auth.go:48.3,54.40 4 0
github.com/awesoma/gateway/internal/middleware/auth.go:59.60,60.46 1 0
github.com/awesoma/gateway/internal/middleware/auth.go:60.46,61.25 1 0
github.com/awesoma/gateway/internal/middleware/auth.go:61.25,63.4 1 0
github.com/awesoma/gateway/internal/middleware/auth.go:65.2,65.14 1 0
github.com/awesoma/gateway/internal/middleware/auth.go:70.68,74.2 1 0
github.com/awesoma/gateway/internal/middleware/auth.go:77.73,78.71 1 0
github.com/awesoma/gateway/internal/middleware/auth.go:78.71,81.19 2 0
github.com/awesoma/gateway/internal/middleware/auth.go:81.19,83.48 2 0
github.com/awesoma/gateway/internal/middleware/auth.go:83.48,85.5 1 0
github.com/awesoma/gateway/internal/middleware/auth.go:88.3,88.46 1 0
github.com/awesoma/gateway/internal/middleware/auth.go:88.46,93.4 4 0
github.com/awesoma/gateway/internal/middleware/auth.go:95.3,95.23 1 0
github.com/awesoma/gateway/internal/middleware/auth.go:100.68,101.71 1 0
github.com/awesoma/gateway/internal/middleware/auth.go:101.71,105.31 2 0
github.com/awesoma/gateway/internal/middleware/auth.go:105.31,108.4 2 0
github.com/awesoma/gateway/internal/middleware/auth.go:110.3,110.23 1 0
github.com/awesoma/gateway/internal/middleware/auth.go:115.60,119.2 1 0
github.com/awesoma/gateway/internal/middleware/logging.go:18.48,20.2 1 0
github.com/awesoma/gateway/internal/middleware/logging.go:23.70,25.2 1 0
github.com/awesoma/gateway/internal/middleware/logging.go:28.75,29.71 1 0
github.com/awesoma/gateway/internal/middleware/logging.go:29.71,44.62 7 0
github.com/awesoma/gateway/internal/middleware/logging.go:44.62,46.4 1 0
github.com/awesoma/gateway/internal/middleware/logging.go:49.3,59.20 2 0
github.com/awesoma/gateway/internal/middleware/logging.go:59.20,61.4 1 0
github.com/awesoma/gateway/internal/middleware/logging.go:65.3,65.16 1 0
github.com/awesoma/gateway/internal/middleware/logging.go:70.48,72.2 1 0
github.com/awesoma/gateway/internal/middleware/logging.go:75.48,77.2 1 0
github.com/awesoma/gateway/internal/middleware/logging.go:80.69,81.46 1 0
github.com/awesoma/gateway/internal/middleware/logging.go:81.46,83.3 1 0
github.com/awesoma/gateway/internal/middleware/logging.go:87.45,96.2 1 0
github.com/awesoma/gateway/pkg/sse/sse.go:26.26,30.2 1 0
github.com/awesoma/gateway/pkg/sse/sse.go:33.54,37.29 3 0
github.com/awesoma/gateway/pkg/sse/sse.go:37.29,39.3 1 0
github.com/awesoma/gateway/pkg/sse/sse.go:41.2,44.11 3 0
github.com/awesoma/gateway/pkg/sse/sse.go:48.60,52.29 3 0
github.com/awesoma/gateway/pkg/sse/sse.go:52.29,54.33 2 0
github.com/awesoma/gateway/pkg/sse/sse.go:54.33,56.4 1 0
github.com/awesoma/gateway/pkg/sse/sse.go:58.2,58.11 1 0
github.com/awesoma/gateway/pkg/sse/sse.go:62.53,66.29 3 0
github.com/awesoma/gateway/pkg/sse/sse.go:66.29,68.3 1 0
github.com/awesoma/gateway/pkg/sse/sse.go:70.2,70.35 1 0
github.com/awesoma/gateway/pkg/sse/sse.go:70.35,71.10 1 0
github.com/awesoma/gateway/pkg/sse/sse.go:72.19,72.19 0 0
github.com/awesoma/gateway/pkg/sse/sse.go:73.11,73.11 0 0
github.com/awesoma/gateway/pkg/sse/sse.go:80.82,82.16 2 0
github.com/awesoma/gateway/pkg/sse/sse.go:82.16,84.3 1 0
github.com/awesoma/gateway/pkg/sse/sse.go:87.2,89.12 3 0
github.com/awesoma/gateway/pkg/sse/sse.go:93.50,95.2 1 0
github.com/awesoma/gateway/pkg/sse/sse.go:98.86,99.54 1 0
github.com/awesoma/gateway/pkg/sse/sse.go:99.54,101.18 2 0
github.com/awesoma/gateway/pkg/sse/sse.go:101.18,104.4 2 0
github.com/awesoma/gateway/pkg/sse/sse.go:107.3,113.36 5 0
github.com/awesoma/gateway/pkg/sse/sse.go:113.36,115.4 1 0
github.com/awesoma/gateway/pkg/sse/sse.go:118.3,123.36 4 0
github.com/awesoma/gateway/pkg/sse/sse.go:123.36,125.4 1 0
github.com/awesoma/gateway/pkg/sse/sse.go:128.3,131.7 3 0
github.com/awesoma/gateway/pkg/sse/sse.go:131.7,132.11 1 0
github.com/awesoma/gateway/pkg/sse/sse.go:133.30,134.11 1 0
github.com/awesoma/gateway/pkg/sse/sse.go:136.26,137.12 1 0
github.com/awesoma/gateway/pkg/sse/sse.go:137.12,139.6 1 0
github.com/awesoma/gateway/pkg/sse/sse.go:140.5,140.44 1 0
github.com/awesoma/gateway/pkg/sse/sse.go:140.44,142.6 1 0
github.com/awesoma/gateway/pkg/sse/sse.go:143.5,143.38 1 0
github.com/awesoma/gateway/pkg/sse/sse.go:143.38,145.6 1 0
github.com/awesoma/gateway/pkg/sse/sse.go:147.20,149.68 1 0
github.com/awesoma/gateway/pkg/sse/sse.go:149.68,151.6 1 0
github.com/awesoma/gateway/pkg/sse/sse.go:152.5,152.38 1 0
github.com/awesoma/gateway/pkg/sse/sse.go:152.38,154.6 1 0
github.com/awesoma/gateway/pkg/sse/sse.go:167.68,169.9 2 0
github.com/awesoma/gateway/pkg/sse/sse.go:169.9,171.3 1 0
github.com/awesoma/gateway/pkg/sse/sse.go:173.2,176.8 1 0
github.com/awesoma/gateway/pkg/sse/sse.go:180.74,182.16 2 0
github.com/awesoma/gateway/pkg/sse/sse.go:182.16,184.3 1 0
github.com/awesoma/gateway/pkg/sse/sse.go:186.2,188.12 3 0
github.com/awesoma/gateway/pkg/sse/sse.go:192.57,193.44 1 0
github.com/awesoma/gateway/pkg/sse/sse.go:193.44,195.3 1 0
github.com/awesoma/gateway/pkg/sse/sse.go:196.2,197.12 2 0
github.com/awesoma/gateway/pkg/sse/sse.go:201.60,205.2 3 0
github.com/awesoma/gateway/internal/service/job_service.go:57.69,62.2 1 7
github.com/awesoma/gateway/internal/service/job_service.go:65.76,67.53 1 2
github.com/awesoma/gateway/internal/service/job_service.go:67.53,69.3 1 1
github.com/awesoma/gateway/internal/service/job_service.go:72.2,72.53 1 1
github.com/awesoma/gateway/internal/service/job_service.go:72.53,77.3 2 0
github.com/awesoma/gateway/internal/service/job_service.go:79.2,79.12 1 1
github.com/awesoma/gateway/internal/service/job_service.go:83.85,86.16 2 2
github.com/awesoma/gateway/internal/service/job_service.go:86.16,87.37 1 1
github.com/awesoma/gateway/internal/service/job_service.go:87.37,89.4 1 1
github.com/awesoma/gateway/internal/service/job_service.go:90.3,90.55 1 0
github.com/awesoma/gateway/internal/service/job_service.go:94.2,95.16 2 1
github.com/awesoma/gateway/internal/service/job_service.go:95.16,97.26 1 1
github.com/awesoma/gateway/internal/service/job_service.go:97.26,99.4 1 1
github.com/awesoma/gateway/internal/service/job_service.go:100.3,100.29 1 1
github.com/awesoma/gateway/internal/service/job_service.go:100.29,102.4 1 1
github.com/awesoma/gateway/internal/service/job_service.go:103.3,103.26 1 1
github.com/awesoma/gateway/internal/service/job_service.go:103.26,105.4 1 1
github.com/awesoma/gateway/internal/service/job_service.go:106.3,106.28 1 1
github.com/awesoma/gateway/internal/service/job_service.go:106.28,108.4 1 1
github.com/awesoma/gateway/internal/service/job_service.go:109.3,109.42 1 1
github.com/awesoma/gateway/internal/service/job_service.go:112.2,112.17 1 1
github.com/awesoma/gateway/internal/service/job_service.go:116.73,119.16 2 2
github.com/awesoma/gateway/internal/service/job_service.go:119.16,120.37 1 0
github.com/awesoma/gateway/internal/service/job_service.go:120.37,122.4 1 0
github.com/awesoma/gateway/internal/service/job_service.go:123.3,123.50 1 0
github.com/awesoma/gateway/internal/service/job_service.go:127.2,127.113 1 2
github.com/awesoma/gateway/internal/service/job_service.go:127.113,129.3 1 1
github.com/awesoma/gateway/internal/service/job_service.go:132.2,132.54 1 1
github.com/awesoma/gateway/internal/service/job_service.go:132.54,134.3 1 0
github.com/awesoma/gateway/internal/service/job_service.go:137.2,137.88 1 1
github.com/awesoma/gateway/internal/service/job_service.go:137.88,139.3 1 0
github.com/awesoma/gateway/internal/service/job_service.go:142.2,142.25 1 1
github.com/awesoma/gateway/internal/service/job_service.go:142.25,146.3 1 0
github.com/awesoma/gateway/internal/service/job_service.go:148.2,148.12 1 1
github.com/awesoma/gateway/internal/service/job_service.go:152.115,154.16 2 1
github.com/awesoma/gateway/internal/service/job_service.go:154.16,156.3 1 0
github.com/awesoma/gateway/internal/service/job_service.go:157.2,157.18 1 1
github.com/awesoma/gateway/internal/service/job_service.go:161.31,163.2 1 0
github.com/awesoma/gateway/internal/service/job_service.go:173.38,175.2 1 1
github.com/awesoma/gateway/internal/handlers/events.go:25.110,31.2 1 0
github.com/awesoma/gateway/internal/handlers/events.go:34.78,36.17 2 0
github.com/awesoma/gateway/internal/handlers/events.go:36.17,39.3 2 0
github.com/awesoma/gateway/internal/handlers/events.go:42.2,43.16 2 0
github.com/awesoma/gateway/internal/handlers/events.go:43.16,44.36 1 0
github.com/awesoma/gateway/internal/handlers/events.go:44.36,47.4 2 0
github.com/awesoma/gateway/internal/handlers/events.go:48.3,49.9 2 0
github.com/awesoma/gateway/internal/handlers/events.go:52.2,53.26 2 0
github.com/awesoma/gateway/internal/handlers/events.go:53.26,56.3 2 0
github.com/awesoma/gateway/internal/handlers/events.go:59.2,65.35 5 0
github.com/awesoma/gateway/internal/handlers/events.go:65.35,67.3 1 0
github.com/awesoma/gateway/internal/handlers/events.go:70.2,71.16 2 0
github.com/awesoma/gateway/internal/handlers/events.go:71.16,74.3 2 0
github.com/awesoma/gateway/internal/handlers/events.go:77.2,97.6 9 0
github.com/awesoma/gateway/internal/handlers/events.go:97.6,98.10 1 0
github.com/awesoma/gateway/internal/handlers/events.go:99.29,101.10 1 0
github.com/awesoma/gateway/internal/handlers/events.go:103.27,104.11 1 0
github.com/awesoma/gateway/internal/handlers/events.go:104.11,106.5 1 0
github.com/awesoma/gateway/internal/handlers/events.go:108.4,109.70 2 0
github.com/awesoma/gateway/internal/handlers/events.go:109.70,112.5 1 0
github.com/awesoma/gateway/internal/handlers/events.go:112.10,114.5 1 0
github.com/awesoma/gateway/internal/handlers/events.go:116.30,117.11 1 0
github.com/awesoma/gateway/internal/handlers/events.go:117.11,119.5 1 0
github.com/awesoma/gateway/internal/handlers/events.go:121.4,122.37 2 0
github.com/awesoma/gateway/internal/handlers/events.go:122.37,124.5 1 0
github.com/awesoma/gateway/internal/handlers/events.go:126.19,128.33 1 0
github.com/awesoma/gateway/internal/handlers/events.go:134.81,144.35 5 0
github.com/awesoma/gateway/internal/handlers/events.go:144.35,146.3 1 0
github.com/awesoma/gateway/internal/handlers/events.go:148.2,149.16 2 0
github.com/awesoma/gateway/internal/handlers/events.go:149.16,152.3 2 0
github.com/awesoma/gateway/internal/handlers/events.go:154.2,167.6 7 0
github.com/awesoma/gateway/internal/handlers/events.go:167.6,168.10 1 0
github.com/awesoma/gateway/internal/handlers/events.go:169.29,170.10 1 0
github.com/awesoma/gateway/internal/handlers/events.go:172.27,173.11 1 0
github.com/awesoma/gateway/internal/handlers/events.go:173.11,175.5 1 0
github.com/awesoma/gateway/internal/handlers/events.go:178.4,179.74 2 0
github.com/awesoma/gateway/internal/handlers/events.go:179.74,180.13 1 0
github.com/awesoma/gateway/internal/handlers/events.go:182.4,183.37 2 0
github.com/awesoma/gateway/internal/handlers/events.go:185.19,186.33 1 0
github.com/awesoma/gateway/internal/handlers/events.go:192.82,194.17 2 0
github.com/awesoma/gateway/internal/handlers/events.go:194.17,197.3 2 0
github.com/awesoma/gateway/internal/handlers/events.go:200.2,222.4 6 0
github.com/awesoma/gateway/internal/handlers/events.go:226.81,228.17 2 0
github.com/awesoma/gateway/internal/handlers/events.go:228.17,231.3 2 0
github.com/awesoma/gateway/internal/handlers/events.go:234.2,235.16 2 0
github.com/awesoma/gateway/internal/handlers/events.go:235.16,236.36 1 0
github.com/awesoma/gateway/internal/handlers/events.go:236.36,239.4 2 0
github.com/awesoma/gateway/internal/handlers/events.go:240.3,241.9 2 0
github.com/awesoma/gateway/internal/handlers/events.go:244.2,245.26 2 0
github.com/awesoma/gateway/internal/handlers/events.go:245.26,248.3 2 0
github.com/awesoma/gateway/internal/handlers/events.go:252.2,254.16 3 0
github.com/awesoma/gateway/internal/handlers/events.go:254.16,257.3 2 0
github.com/awesoma/gateway/internal/handlers/events.go:259.2,260.27 2 0
github.com/awesoma/gateway/internal/handlers/events.go:260.27,262.59 2 0
github.com/awesoma/gateway/internal/handlers/events.go:262.59,264.4 1 0
github.com/awesoma/gateway/internal/handlers/events.go:267.2,272.4 2 0
github.com/awesoma/gateway/internal/handlers/health.go:24.100,30.2 1 0
github.com/awesoma/gateway/internal/handlers/health.go:49.70,55.2 3 0
github.com/awesoma/gateway/internal/handlers/health.go:58.71,65.36 5 0
github.com/awesoma/gateway/internal/handlers/health.go:65.36,67.3 1 0
github.com/awesoma/gateway/internal/handlers/health.go:70.2,72.39 3 0
github.com/awesoma/gateway/internal/handlers/health.go:72.39,74.3 1 0
github.com/awesoma/gateway/internal/handlers/health.go:76.2,78.17 3 0
github.com/awesoma/gateway/internal/handlers/health.go:78.17,81.3 2 0
github.com/awesoma/gateway/internal/handlers/health.go:83.2,93.37 4 0
github.com/awesoma/gateway/internal/handlers/health.go:97.74,130.2 8 0
github.com/awesoma/gateway/internal/handlers/health.go:132.59,140.16 5 0
github.com/awesoma/gateway/internal/handlers/health.go:140.16,146.3 1 0
github.com/awesoma/gateway/internal/handlers/health.go:148.2,151.3 1 0
github.com/awesoma/gateway/internal/handlers/health.go:154.62,157.23 2 0
github.com/awesoma/gateway/internal/handlers/health.go:157.23,162.3 1 0
github.com/awesoma/gateway/internal/handlers/health.go:165.2,166.48 2 0
github.com/awesoma/gateway/internal/handlers/health.go:166.49,169.3 0 0
github.com/awesoma/gateway/internal/handlers/health.go:171.2,176.3 2 0
github.com/awesoma/gateway/internal/handlers/health.go:180.36,182.2 1 0
github.com/awesoma/gateway/internal/handlers/health.go:185.24,190.2 1 0
github.com/awesoma/gateway/internal/handlers/jobs.go:27.81,32.2 1 8
github.com/awesoma/gateway/internal/handlers/jobs.go:35.73,37.61 2 3
github.com/awesoma/gateway/internal/handlers/jobs.go:37.61,40.3 2 0
github.com/awesoma/gateway/internal/handlers/jobs.go:43.2,43.25 1 3
github.com/awesoma/gateway/internal/handlers/jobs.go:43.25,46.3 2 1
github.com/awesoma/gateway/internal/handlers/jobs.go:49.2,50.16 2 2
github.com/awesoma/gateway/internal/handlers/jobs.go:50.16,53.3 2 1
github.com/awesoma/gateway/internal/handlers/jobs.go:56.2,60.29 3 1
github.com/awesoma/gateway/internal/handlers/jobs.go:60.29,62.3 1 0
github.com/awesoma/gateway/internal/handlers/jobs.go:65.2,65.56 1 1
github.com/awesoma/gateway/internal/handlers/jobs.go:65.56,67.3 1 0
github.com/awesoma/gateway/internal/handlers/jobs.go:70.2,84.65 3 1
github.com/awesoma/gateway/internal/handlers/jobs.go:84.65,87.3 2 0
github.com/awesoma/gateway/internal/handlers/jobs.go:90.2,99.49 3 1
github.com/awesoma/gateway/internal/handlers/jobs.go:103.70,105.17 2 3
github.com/awesoma/gateway/internal/handlers/jobs.go:105.17,108.3 2 0
github.com/awesoma/gateway/internal/handlers/jobs.go:110.2,111.16 2 3
github.com/awesoma/gateway/internal/handlers/jobs.go:111.16,112.45 1 1
github.com/awesoma/gateway/internal/handlers/jobs.go:112.45,115.4 2 1
github.com/awesoma/gateway/internal/handlers/jobs.go:116.3,117.9 2 0
github.com/awesoma/gateway/internal/handlers/jobs.go:121.2,122.26 2 2
github.com/awesoma/gateway/internal/handlers/jobs.go:122.26,125.3 2 1
github.com/awesoma/gateway/internal/handlers/jobs.go:127.2,138.54 2 1
github.com/awesoma/gateway/internal/handlers/jobs.go:142.74,144.17 2 0
github.com/awesoma/gateway/internal/handlers/jobs.go:144.17,147.3 2 0
github.com/awesoma/gateway/internal/handlers/jobs.go:149.2,150.16 2 0
github.com/awesoma/gateway/internal/handlers/jobs.go:150.16,151.45 1 0
github.com/awesoma/gateway/internal/handlers/jobs.go:151.45,154.4 2 0
github.com/awesoma/gateway/internal/handlers/jobs.go:155.3,156.9 2 0
github.com/awesoma/gateway/internal/handlers/jobs.go:160.2,161.26 2 0
github.com/awesoma/gateway/internal/handlers/jobs.go:161.26,164.3 2 0
github.com/awesoma/gateway/internal/handlers/jobs.go:166.2,175.46 2 0
github.com/awesoma/gateway/internal/handlers/jobs.go:175.46,177.3 1 0
github.com/awesoma/gateway/internal/handlers/jobs.go:180.2,180.20 1 0
github.com/awesoma/gateway/internal/handlers/jobs.go:180.20,182.3 1 0
github.com/awesoma/gateway/internal/handlers/jobs.go:182.8,182.45 1 0
github.com/awesoma/gateway/internal/handlers/jobs.go:182.45,184.3 1 0
github.com/awesoma/gateway/internal/handlers/jobs.go:184.8,184.29 1 0
github.com/awesoma/gateway/internal/handlers/jobs.go:184.29,186.3 1 0
github.com/awesoma/gateway/internal/handlers/jobs.go:186.8,188.3 1 0
github.com/awesoma/gateway/internal/handlers/jobs.go:190.2,190.52 1 0
github.com/awesoma/gateway/internal/handlers/jobs.go:194.73,196.17 2 1
github.com/awesoma/gateway/internal/handlers/jobs.go:196.17,199.3 2 0
github.com/awesoma/gateway/internal/handlers/jobs.go:202.2,203.16 2 1
github.com/awesoma/gateway/internal/handlers/jobs.go:203.16,204.45 1 0
github.com/awesoma/gateway/internal/handlers/jobs.go:204.45,207.4 2 0
github.com/awesoma/gateway/internal/handlers/jobs.go:208.3,209.9 2 0
github.com/awesoma/gateway/internal/handlers/jobs.go:212.2,213.26 2 1
github.com/awesoma/gateway/internal/handlers/jobs.go:213.26,216.3 2 0
github.com/awesoma/gateway/internal/handlers/jobs.go:219.2,219.67 1 1
github.com/awesoma/gateway/internal/handlers/jobs.go:219.67,222.3 2 0
github.com/awesoma/gateway/internal/handlers/jobs.go:224.2,230.54 2 1
github.com/awesoma/gateway/internal/handlers/jobs.go:234.72,238.16 3 1
github.com/awesoma/gateway/internal/handlers/jobs.go:238.16,241.3 2 0
github.com/awesoma/gateway/internal/handlers/jobs.go:243.2,243.51 1 1
github.com/awesoma/gateway/internal/handlers/jobs.go:247.29,250.2 1 1
github.com/awesoma/gateway/internal/handlers/jobs.go:252.40,253.59 1 5
github.com/awesoma/gateway/internal/handlers/jobs.go:253.59,255.3 1 5
github.com/awesoma/gateway/internal/handlers/jobs.go:256.2,256.20 1 0
github.com/awesoma/gateway/internal/handlers/jobs.go:264.87,266.2 1 1
github.com/awesoma/gateway/internal/handlers/jobs.go:272.92,274.2 1 1
github.com/awesoma/gateway/internal/handlers/jobs.go:280.90,282.2 1 0
github.com/awesoma/gateway/internal/handlers/jobs.go:288.92,290.2 1 1
github.com/awesoma/gateway/internal/handlers/jobs.go:296.83,298.2 1 1
github.com/awesoma/gateway/internal/handlers/jobs.go:310.76,313.2 2 4
github.com/awesoma/gateway/internal/handlers/jobs.go:315.51,322.2 1 0
github.com/awesoma/gateway/internal/handlers/jobs.go:324.63,331.2 1 2
github.com/awesoma/gateway/internal/handlers/jobs.go:333.45,340.2 1 0
